Build started 11/3/2015 4:55:41 PM.
     1>Project "C:\Users\100589745\Documents\Visual Studio 2013\Projects\#1\Creating_Functions_With_Parameters_C++\Creating_Functions_With_Parameters_C++\Creating_Functions_With_Parameters_C++.vcxproj" on node 2 (Build target(s)).
     1>ClCompile:
         C:\Program Files (x86)\Microsoft Visual Studio 12.0\VC\bin\CL.exe /c /ZI /nologo /W3 /WX- /sdl /Od /Oy- /D WIN32 /D _DEBUG /D _CONSOLE /D _LIB /D _UNICODE /D UNICODE /Gm /EHsc /RTC1 /MDd /GS /fp:precise /Zc:wchar_t /Zc:forScope /Fo"Debug\\" /Fd"Debug\vc120.pdb" /Gd /TP /analyze- /errorReport:prompt Source.cpp
         Source.cpp
     1>c:\users\100589745\documents\visual studio 2013\projects\#1\creating_functions_with_parameters_c++\creating_functions_with_parameters_c++\source.cpp(24): error C2065: 'dean' : undeclared identifier
     1>c:\users\100589745\documents\visual studio 2013\projects\#1\creating_functions_with_parameters_c++\creating_functions_with_parameters_c++\source.cpp(26): warning C4305: 'argument' : truncation from 'double' to 'float'
     1>Done Building Project "C:\Users\100589745\Documents\Visual Studio 2013\Projects\#1\Creating_Functions_With_Parameters_C++\Creating_Functions_With_Parameters_C++\Creating_Functions_With_Parameters_C++.vcxproj" (Build target(s)) -- FAILED.

Build FAILED.

Time Elapsed 00:00:00.28
