Build started 10/19/2015 11:45:52 AM.
     1>Project "C:\Users\100589745\Documents\Visual Studio 2013\Projects\Classes_Constructors_Vectors_C++\Classes_Constructors_Vectors_C++\Classes_Constructors_Vectors_C++.vcxproj" on node 2 (Build target(s)).
     1>ClCompile:
         C:\Program Files (x86)\Microsoft Visual Studio 12.0\VC\bin\CL.exe /c /ZI /nologo /W3 /WX- /sdl /Od /Oy- /D WIN32 /D _DEBUG /D _CONSOLE /D _LIB /D _UNICODE /D UNICODE /Gm /EHsc /RTC1 /MDd /GS /fp:precise /Zc:wchar_t /Zc:forScope /Fo"Debug\\" /Fd"Debug\vc120.pdb" /Gd /TP /analyze- /errorReport:prompt Source.cpp
         Source.cpp
     1>c:\users\100589745\documents\visual studio 2013\projects\classes_constructors_vectors_c++\classes_constructors_vectors_c++\source.cpp(3): fatal error C1083: Cannot open include file: 'Includes.h': No such file or directory
     1>Done Building Project "C:\Users\100589745\Documents\Visual Studio 2013\Projects\Classes_Constructors_Vectors_C++\Classes_Constructors_Vectors_C++\Classes_Constructors_Vectors_C++.vcxproj" (Build target(s)) -- FAILED.

Build FAILED.

Time Elapsed 00:00:00.39
