Build started 10/19/2015 12:24:20 PM.
     1>Project "C:\Users\100589745\Documents\Visual Studio 2013\Projects\Variables C++\ConsoleApplication2\ConsoleApplication2.vcxproj" on node 2 (Build target(s)).
     1>ClCompile:
         C:\Program Files (x86)\Microsoft Visual Studio 12.0\VC\bin\CL.exe /c /ZI /nologo /W3 /WX- /Od /Oy- /D WIN32 /D _DEBUG /D _CONSOLE /D _LIB /D _UNICODE /D UNICODE /Gm /EHsc /RTC1 /MDd /GS /fp:precise /Zc:wchar_t /Zc:forScope /Fo"Debug\\" /Fd"Debug\vc120.pdb" /Gd /TP /analyze- /errorReport:prompt Source.cpp Variablese.cpp
         Variablese.cpp
         Source.cpp
         Generating Code...
       Link:
         C:\Program Files (x86)\Microsoft Visual Studio 12.0\VC\bin\link.exe /ERRORREPORT:PROMPT /OUT:"C:\Users\100589745\Documents\Visual Studio 2013\Projects\Variables C++\Debug\ConsoleApplication2.exe" /INCREMENTAL /NOLOGO kernel32.lib user32.lib gdi32.lib winspool.lib comdlg32.lib advapi32.lib shell32.lib ole32.lib oleaut32.lib uuid.lib odbc32.lib odbccp32.lib /MANIFEST /MANIFESTUAC:"level='asInvoker' uiAccess='false'" /manifest:embed /DEBUG /PDB:"C:\Users\100589745\Documents\Visual Studio 2013\Projects\Variables C++\Debug\ConsoleApplication2.pdb" /SUBSYSTEM:CONSOLE /TLBID:1 /DYNAMICBASE /NXCOMPAT /IMPLIB:"C:\Users\100589745\Documents\Visual Studio 2013\Projects\Variables C++\Debug\ConsoleApplication2.lib" /MACHINE:X86 Debug\Source.obj
         Debug\Variablese.obj
     1>Variablese.obj : error LNK2005: _main already defined in Source.obj
     1>C:\Users\100589745\Documents\Visual Studio 2013\Projects\Variables C++\Debug\ConsoleApplication2.exe : fatal error LNK1169: one or more multiply defined symbols found
     1>Done Building Project "C:\Users\100589745\Documents\Visual Studio 2013\Projects\Variables C++\ConsoleApplication2\ConsoleApplication2.vcxproj" (Build target(s)) -- FAILED.

Build FAILED.

Time Elapsed 00:00:00.89
