Build started 10/19/2015 11:49:06 AM.
     1>Project "C:\Users\100589745\Documents\Visual Studio 2013\Projects\Declaring_An_Array_C++\Declaring_An_Array_C++\Declaring_An_Array_C++.vcxproj" on node 2 (Build target(s)).
     1>ClCompile:
         C:\Program Files (x86)\Microsoft Visual Studio 12.0\VC\bin\CL.exe /c /ZI /nologo /W3 /WX- /sdl /Od /Oy- /D WIN32 /D _DEBUG /D _CONSOLE /D _LIB /D _UNICODE /D UNICODE /Gm /EHsc /RTC1 /MDd /GS /fp:precise /Zc:wchar_t /Zc:forScope /Fo"Debug\\" /Fd"Debug\vc120.pdb" /Gd /TP /analyze- /errorReport:prompt Source.cpp
         Source.cpp
     1>c:\users\100589745\documents\visual studio 2013\projects\declaring_an_array_c++\declaring_an_array_c++\source.cpp(7): error C2065: 'max' : undeclared identifier
     1>c:\users\100589745\documents\visual studio 2013\projects\declaring_an_array_c++\declaring_an_array_c++\source.cpp(27): warning C4138: '*/' found outside of comment
     1>c:\users\100589745\documents\visual studio 2013\projects\declaring_an_array_c++\declaring_an_array_c++\source.cpp(27): error C2059: syntax error : '/'
     1>c:\users\100589745\documents\visual studio 2013\projects\declaring_an_array_c++\declaring_an_array_c++\source.cpp(30): error C2143: syntax error : missing ';' before '{'
     1>c:\users\100589745\documents\visual studio 2013\projects\declaring_an_array_c++\declaring_an_array_c++\source.cpp(30): error C2447: '{' : missing function header (old-style formal list?)
     1>c:\users\100589745\documents\visual studio 2013\projects\declaring_an_array_c++\declaring_an_array_c++\source.cpp(38): error C2146: syntax error : missing ';' before identifier 'i'
     1>c:\users\100589745\documents\visual studio 2013\projects\declaring_an_array_c++\declaring_an_array_c++\source.cpp(42): fatal error C1075: end of file found before the left brace '{' at 'c:\users\100589745\documents\visual studio 2013\projects\declaring_an_array_c++\declaring_an_array_c++\source.cpp(36)' was matched
     1>Done Building Project "C:\Users\100589745\Documents\Visual Studio 2013\Projects\Declaring_An_Array_C++\Declaring_An_Array_C++\Declaring_An_Array_C++.vcxproj" (Build target(s)) -- FAILED.

Build FAILED.

Time Elapsed 00:00:00.33
